<?xml version="1.0" encoding="utf-8"?><testsuites name="pytest tests"><testsuite name="pytest" errors="0" failures="0" skipped="0" tests="20" time="15.167" timestamp="2026-05-03T04:17:04.331887+00:00" hostname="agent-env-da6879bd-b0ff-4e34-96c5-3bb65dcfd9d0"><testcase classname="backend.tests.test_own_recovery_upgrade_v3.TestAuthRegression" name="test_email_login_alex" time="2.045" /><testcase classname="backend.tests.test_own_recovery_upgrade_v3.TestAuthRegression" name="test_email_login_sam" time="0.346" /><testcase classname="backend.tests.test_own_recovery_upgrade_v3.TestAuthRegression" name="test_email_login_drquinn" time="0.332" /><testcase classname="backend.tests.test_own_recovery_upgrade_v3.TestAuthRegression" name="test_email_login_admin" time="0.329" /><testcase classname="backend.tests.test_own_recovery_upgrade_v3.TestAuthRegression" name="test_me_with_or_token_cookie_only" time="0.375" /><testcase classname="backend.tests.test_own_recovery_upgrade_v3.TestAuthRegression" name="test_role_based_dashboard_endpoints" time="1.327" /><testcase classname="backend.tests.test_own_recovery_upgrade_v3.TestAuthRegression" name="test_clinician_verification_gate" time="0.568" /><testcase classname="backend.tests.test_own_recovery_upgrade_v3.TestAuthRegression" name="test_logout_clears_or_token_cookie" time="0.715" /><testcase classname="backend.tests.test_own_recovery_upgrade_v3.TestGoogleOAuthEndpoint" name="test_google_auth_rejects_bad_session_id" time="1.255" /><testcase classname="backend.tests.test_own_recovery_upgrade_v3.TestGoogleOAuthEndpoint" name="test_google_auth_requires_session_id" time="0.101" /><testcase classname="backend.tests.test_own_recovery_upgrade_v3.TestClinicianPDF" name="test_pdf_export_success_for_verified_clinician" time="0.699" /><testcase classname="backend.tests.test_own_recovery_upgrade_v3.TestClinicianPDF" name="test_pdf_export_forbidden_for_non_clinician" time="0.481" /><testcase classname="backend.tests.test_own_recovery_upgrade_v3.TestAdminConsole" name="test_admin_stats_authorized" time="0.460" /><testcase classname="backend.tests.test_own_recovery_upgrade_v3.TestAdminConsole" name="test_admin_stats_forbidden_for_non_admin" time="0.934" /><testcase classname="backend.tests.test_own_recovery_upgrade_v3.TestAdminConsole" name="test_admin_users_listing_has_auth_provider" time="0.457" /><testcase classname="backend.tests.test_own_recovery_upgrade_v3.TestAdminConsole" name="test_admin_invite_crud" time="0.781" /><testcase classname="backend.tests.test_own_recovery_upgrade_v3.TestAdminConsole" name="test_audit_log_writes_clinician_view_and_pdf_export" time="1.270" /><testcase classname="backend.tests.test_own_recovery_upgrade_v3.TestTrustPrivacy" name="test_transparency_endpoint" time="0.448" /><testcase classname="backend.tests.test_own_recovery_upgrade_v3.TestTrustPrivacy" name="test_access_log_populated_by_clinician_view" time="1.448" /><testcase classname="backend.tests.test_own_recovery_upgrade_v3.TestTrustPrivacy" name="test_consent_toggles_all_patch_roundtrip" time="0.690" /></testsuite></testsuites>