<?xml version="1.0" encoding="utf-8"?><testsuites name="pytest tests"><testsuite name="pytest" errors="0" failures="0" skipped="0" tests="24" time="10.372" timestamp="2026-05-03T01:59:17.436777+00:00" hostname="agent-env-da6879bd-b0ff-4e34-96c5-3bb65dcfd9d0"><testcase classname="backend.tests.backend_test.TestAuth" name="test_me_no_cookie_unauth" time="0.187" /><testcase classname="backend.tests.backend_test.TestAuth" name="test_login_alex_sets_cookie" time="0.382" /><testcase classname="backend.tests.backend_test.TestAuth" name="test_login_clinician_verified" time="0.334" /><testcase classname="backend.tests.backend_test.TestAuth" name="test_logout_clears_cookie" time="0.464" /><testcase classname="backend.tests.backend_test.TestAuth" name="test_signup_recovery_user" time="0.331" /><testcase classname="backend.tests.backend_test.TestClinicianInvite" name="test_signup_clinician_no_code_rejected" time="0.103" /><testcase classname="backend.tests.backend_test.TestClinicianInvite" name="test_signup_clinician_invalid_code_rejected" time="0.117" /><testcase classname="backend.tests.backend_test.TestClinicianInvite" name="test_invite_validate_valid_and_used" time="0.311" /><testcase classname="backend.tests.backend_test.TestClinicianInvite" name="test_signup_clinician_valid_then_reuse_rejected" time="0.599" /><testcase classname="backend.tests.backend_test.TestHealth" name="test_checkin_creates_risk" time="0.534" /><testcase classname="backend.tests.backend_test.TestHealth" name="test_entries_and_series" time="0.117" /><testcase classname="backend.tests.backend_test.TestHealth" name="test_risk_compare" time="0.058" /><testcase classname="backend.tests.backend_test.TestHealth" name="test_alerts_list_and_ack" time="0.144" /><testcase classname="backend.tests.backend_test.TestHealth" name="test_export_csv" time="0.066" /><testcase classname="backend.tests.backend_test.TestSummary" name="test_weekly_summary" time="4.642" /><testcase classname="backend.tests.backend_test.TestConsent" name="test_consent_get_patch" time="0.248" /><testcase classname="backend.tests.backend_test.TestConsent" name="test_invite_supporter" time="0.056" /><testcase classname="backend.tests.backend_test.TestSupporter" name="test_connections_and_view" time="0.449" /><testcase classname="backend.tests.backend_test.TestSupporter" name="test_encourage_message" time="0.189" /><testcase classname="backend.tests.backend_test.TestClinician" name="test_patients_anonymized" time="0.389" /><testcase classname="backend.tests.backend_test.TestClinician" name="test_overview" time="0.061" /><testcase classname="backend.tests.backend_test.TestClinician" name="test_recovery_user_forbidden" time="0.058" /><testcase classname="backend.tests.backend_test.TestOnboarding" name="test_plan_creates_day1" time="0.379" /><testcase classname="backend.tests.backend_test.TestInsights" name="test_observations" time="0.056" /></testsuite></testsuites>