<?xml version="1.0" encoding="utf-8"?><testsuites name="pytest tests"><testsuite name="pytest" errors="0" failures="0" skipped="0" tests="29" time="14.810" timestamp="2026-05-03T03:38:56.928377+00:00" hostname="agent-env-da6879bd-b0ff-4e34-96c5-3bb65dcfd9d0"><testcase classname="backend.tests.test_recovery_upgrade.TestAuthExtended" name="test_me_includes_new_user_fields" time="0.494" /><testcase classname="backend.tests.test_recovery_upgrade.TestSobriety" name="test_status_initial" time="0.053" /><testcase classname="backend.tests.test_recovery_upgrade.TestSobriety" name="test_start_valid_date" time="0.477" /><testcase classname="backend.tests.test_recovery_upgrade.TestSobriety" name="test_start_future_date_400" time="0.048" /><testcase classname="backend.tests.test_recovery_upgrade.TestSobriety" name="test_start_invalid_format_400" time="0.051" /><testcase classname="backend.tests.test_recovery_upgrade.TestSobriety" name="test_why_post_and_get" time="0.458" /><testcase classname="backend.tests.test_recovery_upgrade.TestSobriety" name="test_relapse_no_date_resets_and_returns_message" time="0.171" /><testcase classname="backend.tests.test_recovery_upgrade.TestSobriety" name="test_relapse_malformed_date_400" time="0.048" /><testcase classname="backend.tests.test_recovery_upgrade.TestResources" name="test_requires_auth" time="0.151" /><testcase classname="backend.tests.test_recovery_upgrade.TestResources" name="test_resources_shape" time="0.053" /><testcase classname="backend.tests.test_recovery_upgrade.TestResources" name="test_sample_links_resolve" time="1.441" /><testcase classname="backend.tests.test_recovery_upgrade.TestSteps" name="test_list_steps" time="0.056" /><testcase classname="backend.tests.test_recovery_upgrade.TestSteps" name="test_reflect_step3" time="0.125" /><testcase classname="backend.tests.test_recovery_upgrade.TestSteps" name="test_reflect_step0_400" time="0.049" /><testcase classname="backend.tests.test_recovery_upgrade.TestSteps" name="test_reflect_step13_400" time="0.050" /><testcase classname="backend.tests.test_recovery_upgrade.TestCraving" name="test_interventions_list" time="0.053" /><testcase classname="backend.tests.test_recovery_upgrade.TestCraving" name="test_checkin_then_after" time="0.148" /><testcase classname="backend.tests.test_recovery_upgrade.TestCraving" name="test_after_invalid_id_404" time="0.051" /><testcase classname="backend.tests.test_recovery_upgrade.TestCraving" name="test_tape_forward_full" time="0.075" /><testcase classname="backend.tests.test_recovery_upgrade.TestCraving" name="test_tape_forward_missing_fields_422" time="0.052" /><testcase classname="backend.tests.test_recovery_upgrade.TestCraving" name="test_recent_cravings" time="0.068" /><testcase classname="backend.tests.test_recovery_upgrade.TestInsightsExtended" name="test_observations_extended_fields" time="0.061" /><testcase classname="backend.tests.test_recovery_upgrade.TestRegression" name="test_checkin_still_works" time="0.074" /><testcase classname="backend.tests.test_recovery_upgrade.TestRegression" name="test_alerts_list" time="0.117" /><testcase classname="backend.tests.test_recovery_upgrade.TestRegression" name="test_csv_export" time="0.071" /><testcase classname="backend.tests.test_recovery_upgrade.TestRegression" name="test_consent_get" time="0.063" /><testcase classname="backend.tests.test_recovery_upgrade.TestRegression" name="test_supporter_connections" time="0.397" /><testcase classname="backend.tests.test_recovery_upgrade.TestRegression" name="test_clinician_overview" time="0.406" /><testcase classname="backend.tests.test_recovery_upgrade.TestRegression" name="test_weekly_summary" time="9.233" /></testsuite></testsuites>